#
# There is insufficient memory for the Java Runtime Environment to continue.
# Native memory allocation (mmap) failed to map 67108864 bytes. Error detail: G1 virtual space
# Possible reasons:
#   The system is out of physical RAM or swap space
#   This process is running with CompressedOops enabled, and the Java Heap may be blocking the growth of the native heap
# Possible solutions:
#   Reduce memory load on the system
#   Increase physical memory or swap space
#   Check if swap backing store is full
#   Decrease Java heap size (-Xmx/-Xms)
#   Decrease number of Java threads
#   Decrease Java thread stack sizes (-Xss)
#   Set larger code cache with -XX:ReservedCodeCacheSize=
#   JVM is running with Unscaled Compressed Oops mode in which the Java heap is
#     placed in the first 4GB address space. The Java Heap base address is the
#     maximum limit for the native heap growth. Please use -XX:HeapBaseMinAddress
#     to set the Java Heap base and to place the Java Heap above 4GB virtual address.
# This output file may be truncated or incomplete.
#
#  Out of Memory Error (os_windows.cpp:3564), pid=12804, tid=6320
#
# JRE version:  (24.0.1+9) (build )
# Java VM: Java HotSpot(TM) 64-Bit Server VM (24.0.1+9-30, mixed mode, sharing, tiered, compressed oops, compressed class ptrs, g1 gc, windows-amd64)
# No core dump will be written. Minidumps are not enabled by default on client versions of Windows
#

---------------  S U M M A R Y ------------

Command Line: -Dclassworlds.conf=C:\Program Files\Apache\Maven\apache-maven-3.9.10\bin\m2.conf -Dmaven.home=C:\Program Files\Apache\Maven\apache-maven-3.9.10 -Dlibrary.jansi.path=C:\Program Files\Apache\Maven\apache-maven-3.9.10\lib\jansi-native -Dmaven.multiModuleProjectDirectory=C:\Users\HP\Desktop\pdf-annotation-project\backend org.codehaus.plexus.classworlds.launcher.Launcher spring-boot:run

Host: Intel(R) Core(TM) i3-5005U CPU @ 2.00GHz, 4 cores, 3G,  Windows 10 , 64 bit Build 21996 (10.0.21996.1)
Time: Wed Jun 25 11:07:15 2025 Nepal Standard Time elapsed time: 0.045643 seconds (0d 0h 0m 0s)

---------------  T H R E A D  ---------------

Current thread (0x0000020b50cd2a00):  JavaThread "Unknown thread" [_thread_in_vm, id=6320, stack(0x0000007427600000,0x0000007427700000) (1024K)]

Stack: [0x0000007427600000,0x0000007427700000]
Native frames: (J=compiled Java code, j=interpreted, Vv=VM code, C=native code)
V  [jvm.dll+0x730739]  (no source info available)
V  [jvm.dll+0x8d9b23]  (no source info available)
V  [jvm.dll+0x8dc00d]  (no source info available)
V  [jvm.dll+0x8dc683]  (no source info available)
V  [jvm.dll+0x2aa086]  (no source info available)
V  [jvm.dll+0x72cc65]  (no source info available)
V  [jvm.dll+0x72059a]  (no source info available)
V  [jvm.dll+0x390cea]  (no source info available)
V  [jvm.dll+0x3989f6]  (no source info available)
V  [jvm.dll+0x38523e]  (no source info available)
V  [jvm.dll+0x3854f8]  (no source info available)
V  [jvm.dll+0x35d0cc]  (no source info available)
V  [jvm.dll+0x35dd8d]  (no source info available)
V  [jvm.dll+0x89d28f]  (no source info available)
V  [jvm.dll+0x3f985d]  (no source info available)
V  [jvm.dll+0x8858e6]  (no source info available)
V  [jvm.dll+0x495f3e]  (no source info available)
V  [jvm.dll+0x497d11]  (no source info available)
C  [jli.dll+0x52a1]  (no source info available)
C  [ucrtbase.dll+0x26c0c]  (no source info available)
C  [KERNEL32.DLL+0x154e0]  (no source info available)
C  [ntdll.dll+0x485b]  (no source info available)

Lock stack of current Java thread (top to bottom):


---------------  P R O C E S S  ---------------

Threads class SMR info:
_java_thread_list=0x00007fffb394f318, length=0, elements={
}

Java Threads: ( => current thread )
Total: 0

Other Threads:
  0x0000020b52f16500 WorkerThread "GC Thread#0"                     [id=3084, stack(0x0000007427700000,0x0000007427800000) (1024K)]
  0x0000020b52f213b0 ConcurrentGCThread "G1 Main Marker"            [id=760, stack(0x0000007427800000,0x0000007427900000) (1024K)]
  0x0000020b52f22ed0 WorkerThread "G1 Conc#0"                       [id=10908, stack(0x0000007427900000,0x0000007427a00000) (1024K)]

[error occurred during error reporting (printing all threads), id 0xc0000005, EXCEPTION_ACCESS_VIOLATION (0xc0000005) at pc=0x00007fffb30814ea]
VM state: not at safepoint (not fully initialized)

VM Mutex/Monitor currently owned by a thread:  ([mutex/lock_event])
[0x00007fffb39d45b0] Heap_lock - owner thread: 0x0000020b50cd2a00

Heap address: 0x00000000c1400000, size: 1004 MB, Compressed Oops mode: 32-bit

CDS archive(s) mapped at: [0x0000000000000000-0x0000000000000000-0x0000000000000000), size 0, SharedBaseAddress: 0x0000000800000000, ArchiveRelocationMode: 1.
UseCompressedClassPointers 1, UseCompactObjectHeaders 0
Narrow klass pointer bits 32, Max shift 3
Narrow klass base: 0xffffffffffffffff, Narrow klass shift: -1
Encoding Range: [0xffffffffffffffff - 0x000000007fffffff), (2147483648 bytes)
Klass Range:    [0x0000000000000000 - 0x0000000000000000), (0 bytes)
Klass ID Range:  [4294967295 - 0) (1)

GC Precious Log:
 CardTable entry size: 512
 Card Set container configuration: InlinePtr #cards 5 size 8 Array Of Cards #cards 10 size 36 Howl #buckets 4 coarsen threshold 1843 Howl Bitmap #cards 512 size 80 coarsen threshold 460 Card regions per heap region 1 cards per card region 2048

Heap:
 garbage-first heap   total reserved 1028096K, committed 0K, used 0K [0x00000000c1400000, 0x0000000100000000)
  region size 1024K, 0 young (0K), 0 survivors (0K)

[error occurred during error reporting (printing heap information), id 0xc0000005, EXCEPTION_ACCESS_VIOLATION (0xc0000005) at pc=0x00007fffb349e3e9]
GC Heap History (0 events):
No events

Dll operation events (1 events):
Event: 0.019 Loaded shared library C:\Program Files\Java\jdk-24_windows-x64_bin\jdk-24.0.1\bin\java.dll

Deoptimization events (0 events):
No events

Classes loaded (0 events):
No events

Classes unloaded (0 events):
No events

Classes redefined (0 events):
No events

Internal exceptions (0 events):
No events

VM Operations (0 events):
No events

Memory protections (0 events):
No events

Nmethod flushes (0 events):
No events

Events (0 events):
No events


Dynamic libraries:
0x00007ff609930000 - 0x00007ff609940000 	C:\Program Files\Java\jdk-24_windows-x64_bin\jdk-24.0.1\bin\java.exe
0x00007ff83f6e0000 - 0x00007ff83f8e7000 	C:\Windows\SYSTEM32\ntdll.dll
0x00007ff83e250000 - 0x00007ff83e30d000 	C:\Windows\System32\KERNEL32.DLL
0x00007ff83d030000 - 0x00007ff83d3a2000 	C:\Windows\System32\KERNELBASE.dll
0x00007ff83cc00000 - 0x00007ff83cd11000 	C:\Windows\System32\ucrtbase.dll
0x00007ff816d00000 - 0x00007ff816d16000 	C:\Program Files\Java\jdk-24_windows-x64_bin\jdk-24.0.1\bin\jli.dll
0x00007ff83ddf0000 - 0x00007ff83df9c000 	C:\Windows\System32\USER32.dll
0x00007ff83d470000 - 0x00007ff83d496000 	C:\Windows\System32\win32u.dll
0x00007ff83e310000 - 0x00007ff83e339000 	C:\Windows\System32\GDI32.dll
0x00007ff83cd20000 - 0x00007ff83ce32000 	C:\Windows\System32\gdi32full.dll
0x00007ff83d510000 - 0x00007ff83d5ad000 	C:\Windows\System32\msvcp_win.dll
0x00007ff824cb0000 - 0x00007ff824f55000 	C:\Windows\WinSxS\amd64_microsoft.windows.common-controls_6595b64144ccf1df_6.0.21996.1_none_7d6b053978bcd706\COMCTL32.dll
0x00007ff83dc50000 - 0x00007ff83dcf3000 	C:\Windows\System32\msvcrt.dll
0x00007ff8168b0000 - 0x00007ff8168cb000 	C:\Program Files\Java\jdk-24_windows-x64_bin\jdk-24.0.1\bin\VCRUNTIME140.dll
0x00007ff83d610000 - 0x00007ff83d641000 	C:\Windows\System32\IMM32.DLL
0x00007ff834160000 - 0x00007ff83416c000 	C:\Program Files\Java\jdk-24_windows-x64_bin\jdk-24.0.1\bin\vcruntime140_1.dll
0x00007ff800020000 - 0x00007ff8000ae000 	C:\Program Files\Java\jdk-24_windows-x64_bin\jdk-24.0.1\bin\msvcp140.dll
0x00007fffb2d10000 - 0x00007fffb3ab2000 	C:\Program Files\Java\jdk-24_windows-x64_bin\jdk-24.0.1\bin\server\jvm.dll
0x00007ff83eef0000 - 0x00007ff83ef9c000 	C:\Windows\System32\ADVAPI32.dll
0x00007ff83d830000 - 0x00007ff83d8cd000 	C:\Windows\System32\sechost.dll
0x00007ff83efa0000 - 0x00007ff83f0c1000 	C:\Windows\System32\RPCRT4.dll
0x00007ff83e500000 - 0x00007ff83e56f000 	C:\Windows\System32\WS2_32.dll
0x00007ff83cac0000 - 0x00007ff83cb0d000 	C:\Windows\SYSTEM32\POWRPROF.dll
0x00007ff836b00000 - 0x00007ff836b33000 	C:\Windows\SYSTEM32\WINMM.dll
0x00007ff8332d0000 - 0x00007ff8332da000 	C:\Windows\SYSTEM32\VERSION.dll
0x00007ff83caa0000 - 0x00007ff83cab3000 	C:\Windows\SYSTEM32\UMPDC.dll
0x00007ff83bd30000 - 0x00007ff83bd47000 	C:\Windows\SYSTEM32\kernel.appcore.dll
0x00007ff832b70000 - 0x00007ff832b7a000 	C:\Program Files\Java\jdk-24_windows-x64_bin\jdk-24.0.1\bin\jimage.dll
0x00007ff83a760000 - 0x00007ff83a981000 	C:\Windows\SYSTEM32\DBGHELP.DLL
0x00007ff8304d0000 - 0x00007ff830501000 	C:\Windows\SYSTEM32\dbgcore.DLL
0x00007ff83ce40000 - 0x00007ff83cec0000 	C:\Windows\System32\bcryptPrimitives.dll
0x00007ff814380000 - 0x00007ff81439e000 	C:\Program Files\Java\jdk-24_windows-x64_bin\jdk-24.0.1\bin\java.dll
0x00007ff83e5e0000 - 0x00007ff83e77a000 	C:\Windows\System32\ole32.dll
0x00007ff83d8d0000 - 0x00007ff83dc45000 	C:\Windows\System32\combase.dll
0x00007ff83e780000 - 0x00007ff83eee9000 	C:\Windows\System32\SHELL32.dll

JVMTI agents: none

dbghelp: loaded successfully - version: 4.0.5 - missing functions: none
symbol engine: initialized successfully - sym options: 0x614 - pdb path: .;C:\Program Files\Java\jdk-24_windows-x64_bin\jdk-24.0.1\bin;C:\Windows\SYSTEM32;C:\Windows\WinSxS\amd64_microsoft.windows.common-controls_6595b64144ccf1df_6.0.21996.1_none_7d6b053978bcd706;C:\Program Files\Java\jdk-24_windows-x64_bin\jdk-24.0.1\bin\server

VM Arguments:
jvm_args: -Dclassworlds.conf=C:\Program Files\Apache\Maven\apache-maven-3.9.10\bin\m2.conf -Dmaven.home=C:\Program Files\Apache\Maven\apache-maven-3.9.10 -Dlibrary.jansi.path=C:\Program Files\Apache\Maven\apache-maven-3.9.10\lib\jansi-native -Dmaven.multiModuleProjectDirectory=C:\Users\HP\Desktop\pdf-annotation-project\backend 
java_command: org.codehaus.plexus.classworlds.launcher.Launcher spring-boot:run
java_class_path (initial): C:\Program Files\Apache\Maven\apache-maven-3.9.10\boot\plexus-classworlds-2.9.0.jar
Launcher Type: SUN_STANDARD

[Global flags]
     intx CICompilerCount                          = 3                                         {product} {ergonomic}
     uint ConcGCThreads                            = 1                                         {product} {ergonomic}
     uint G1ConcRefinementThreads                  = 4                                         {product} {ergonomic}
   size_t G1HeapRegionSize                         = 1048576                                   {product} {ergonomic}
   size_t InitialHeapSize                          = 67108864                                  {product} {ergonomic}
   size_t MarkStackSize                            = 4194304                                   {product} {ergonomic}
   size_t MarkStackSizeMax                         = 536870912                                 {product} {ergonomic}
   size_t MaxHeapSize                              = 1052770304                                {product} {ergonomic}
   size_t MinHeapDeltaBytes                        = 1048576                                   {product} {ergonomic}
   size_t MinHeapSize                              = 8388608                                   {product} {ergonomic}
    uintx NonNMethodCodeHeapSize                   = 5832704                                {pd product} {ergonomic}
    uintx NonProfiledCodeHeapSize                  = 122945536                              {pd product} {ergonomic}
    uintx ProfiledCodeHeapSize                     = 122880000                              {pd product} {ergonomic}
    uintx ReservedCodeCacheSize                    = 251658240                              {pd product} {ergonomic}
     bool SegmentedCodeCache                       = true                                      {product} {ergonomic}
   size_t SoftMaxHeapSize                          = 1052770304                             {manageable} {ergonomic}
     bool UseCompressedOops                        = true                           {product lp64_product} {ergonomic}
     bool UseG1GC                                  = true                                      {product} {ergonomic}
     bool UseLargePagesIndividualAllocation        = false                                  {pd product} {ergonomic}

Logging:
Log output configuration:
 #0: stdout all=warning uptime,level,tags foldmultilines=false
 #1: stderr all=off uptime,level,tags foldmultilines=false

Environment Variables:
JAVA_HOME=C:\Program Files\Java\jdk-24_windows-x64_bin\jdk-24.0.1
PATH=C:\Users\HP\AppData\Local\Programs\Python\Python312\Scripts\;C:\Users\HP\AppData\Local\Programs\Python\Python312\;C:\ProgramData\Oracle\Java\javapath;C:\Windows\system32;C:\Windows;C:\Windows\System32\Wbem;C:\Windows\System32\WindowsPowerShell\v1.0\;C:\Windows\System32\OpenSSH\;C:\Users\HP\AppData\Local\Programs\Python\Python311\Scripts;C:\Users\HP\AppData\Local\Programs\Python\Python311;C:\Program Files (x86)\Microsoft SQL Server\160\Tools\Binn\;C:\Program Files\Microsoft SQL Server\160\Tools\Binn\;C:\Program Files\Microsoft SQL Server\Client SDK\ODBC\170\Tools\Binn\;C:\Program Files\Microsoft SQL Server\160\DTS\Binn\;C:\Program Files\nodejs\;C:\ProgramData\chocolatey\bin;C:\Program Files\Git\cmd;%JAVA_HOME%\bin;C:\Program Files\Apache\Maven\apache-maven-3.9.10\bin;C:\Users\HP\AppData\Local\Microsoft\WindowsApps;C:\Program Files\CodeBlocks\MinGW\bin;;C:\Program Files\Azure Data Studio\bin;C:\Users\HP\AppData\Local\Programs\Microsoft VS Code\bin;C:\Users\HP\AppData\Roaming\npm;C:\Users\HP\AppData\Local\Programs\mongosh\
USERNAME=HP
LANG=en_US.UTF-8
OS=Windows_NT
PROCESSOR_IDENTIFIER=Intel64 Family 6 Model 61 Stepping 4, GenuineIntel
TMP=C:\Users\HP\AppData\Local\Temp
TEMP=C:\Users\HP\AppData\Local\Temp




Periodic native trim disabled

---------------  S Y S T E M  ---------------

OS:
 Windows 10 , 64 bit Build 21996 (10.0.21996.1)
OS uptime: 7 days 1:04 hours

CPU: total 4 (initial active 4) (2 cores per cpu, 2 threads per core) family 6 model 61 stepping 4 microcode 0x2f, cx8, cmov, fxsr, ht, mmx, 3dnowpref, sse, sse2, sse3, ssse3, sse4.1, sse4.2, popcnt, lzcnt, tsc, tscinvbit, avx, avx2, aes, erms, clmul, bmi1, bmi2, adx, fma, vzeroupper, clflush, rdtscp, f16c
Processor Information for the first 4 processors :
  Max Mhz: 2000, Current Mhz: 2000, Mhz Limit: 2000

Memory: 4k page, system-wide physical 4008M (400M free)
TotalPageFile size 8104M (AvailPageFile size 52M)
current process WorkingSet (physical memory assigned to process): 11M, peak: 11M
current process commit charge ("private bytes"): 52M, peak: 115M

vm_info: Java HotSpot(TM) 64-Bit Server VM (24.0.1+9-30) for windows-amd64 JRE (24.0.1+9-30), built on 2025-03-05T07:23:45Z with MS VC++ 17.6 (VS2022)

END.
